<?xml version="1.0" encoding="UTF-8"?>
<testsuite xmlns:xsi="http://www.w3.org/2001/XMLSchema-instance" xsi:noNamespaceSchemaLocation="https://maven.apache.org/surefire/maven-surefire-plugin/xsd/surefire-test-report.xsd" name="com.example.todolist.controller.TodoControllerTest" time="5.804" tests="5" errors="0" skipped="0" failures="0">
  <properties>
    <property name="sun.desktop" value="windows"/>
    <property name="awt.toolkit" value="sun.awt.windows.WToolkit"/>
    <property name="file.encoding.pkg" value="sun.io"/>
    <property name="java.specification.version" value="1.8"/>
    <property name="sun.cpu.isalist" value="amd64"/>
    <property name="sun.jnu.encoding" value="GBK"/>
    <property name="java.class.path" value="E:\Desktop\To Do List\target\test-classes;E:\Desktop\To Do List\target\classes;D:\maven-repository\org\springframework\boot\spring-boot-starter-web\2.7.8\spring-boot-starter-web-2.7.8.jar;D:\maven-repository\org\springframework\boot\spring-boot-starter\2.7.8\spring-boot-starter-2.7.8.jar;D:\maven-repository\org\springframework\boot\spring-boot\2.7.8\spring-boot-2.7.8.jar;D:\maven-repository\org\springframework\boot\spring-boot-autoconfigure\2.7.8\spring-boot-autoconfigure-2.7.8.jar;D:\maven-repository\org\springframework\boot\spring-boot-starter-logging\2.7.8\spring-boot-starter-logging-2.7.8.jar;D:\maven-repository\ch\qos\logback\logback-classic\1.2.11\logback-classic-1.2.11.jar;D:\maven-repository\ch\qos\logback\logback-core\1.2.11\logback-core-1.2.11.jar;D:\maven-repository\org\apache\logging\log4j\log4j-to-slf4j\2.17.2\log4j-to-slf4j-2.17.2.jar;D:\maven-repository\org\apache\logging\log4j\log4j-api\2.17.2\log4j-api-2.17.2.jar;D:\maven-repository\org\slf4j\jul-to-slf4j\1.7.36\jul-to-slf4j-1.7.36.jar;D:\maven-repository\jakarta\annotation\jakarta.annotation-api\1.3.5\jakarta.annotation-api-1.3.5.jar;D:\maven-repository\org\yaml\snakeyaml\1.30\snakeyaml-1.30.jar;D:\maven-repository\org\springframework\boot\spring-boot-starter-json\2.7.8\spring-boot-starter-json-2.7.8.jar;D:\maven-repository\com\fasterxml\jackson\core\jackson-databind\2.13.4.2\jackson-databind-2.13.4.2.jar;D:\maven-repository\com\fasterxml\jackson\core\jackson-annotations\2.13.4\jackson-annotations-2.13.4.jar;D:\maven-repository\com\fasterxml\jackson\core\jackson-core\2.13.4\jackson-core-2.13.4.jar;D:\maven-repository\com\fasterxml\jackson\datatype\jackson-datatype-jdk8\2.13.4\jackson-datatype-jdk8-2.13.4.jar;D:\maven-repository\com\fasterxml\jackson\datatype\jackson-datatype-jsr310\2.13.4\jackson-datatype-jsr310-2.13.4.jar;D:\maven-repository\com\fasterxml\jackson\module\jackson-module-parameter-names\2.13.4\jackson-module-parameter-names-2.13.4.jar;D:\maven-repository\org\springframework\boot\spring-boot-starter-tomcat\2.7.8\spring-boot-starter-tomcat-2.7.8.jar;D:\maven-repository\org\apache\tomcat\embed\tomcat-embed-core\9.0.71\tomcat-embed-core-9.0.71.jar;D:\maven-repository\org\apache\tomcat\embed\tomcat-embed-websocket\9.0.71\tomcat-embed-websocket-9.0.71.jar;D:\maven-repository\org\springframework\spring-web\5.3.25\spring-web-5.3.25.jar;D:\maven-repository\org\springframework\spring-beans\5.3.25\spring-beans-5.3.25.jar;D:\maven-repository\org\springframework\spring-webmvc\5.3.25\spring-webmvc-5.3.25.jar;D:\maven-repository\org\springframework\spring-aop\5.3.25\spring-aop-5.3.25.jar;D:\maven-repository\org\springframework\spring-context\5.3.25\spring-context-5.3.25.jar;D:\maven-repository\org\springframework\spring-expression\5.3.25\spring-expression-5.3.25.jar;D:\maven-repository\org\springframework\boot\spring-boot-starter-validation\2.7.8\spring-boot-starter-validation-2.7.8.jar;D:\maven-repository\org\apache\tomcat\embed\tomcat-embed-el\9.0.71\tomcat-embed-el-9.0.71.jar;D:\maven-repository\org\hibernate\validator\hibernate-validator\6.2.5.Final\hibernate-validator-6.2.5.Final.jar;D:\maven-repository\jakarta\validation\jakarta.validation-api\2.0.2\jakarta.validation-api-2.0.2.jar;D:\maven-repository\org\jboss\logging\jboss-logging\3.4.3.Final\jboss-logging-3.4.3.Final.jar;D:\maven-repository\com\fasterxml\classmate\1.5.1\classmate-1.5.1.jar;D:\maven-repository\org\mybatis\spring\boot\mybatis-spring-boot-starter\2.2.2\mybatis-spring-boot-starter-2.2.2.jar;D:\maven-repository\org\springframework\boot\spring-boot-starter-jdbc\2.7.8\spring-boot-starter-jdbc-2.7.8.jar;D:\maven-repository\com\zaxxer\HikariCP\4.0.3\HikariCP-4.0.3.jar;D:\maven-repository\org\springframework\spring-jdbc\5.3.25\spring-jdbc-5.3.25.jar;D:\maven-repository\org\springframework\spring-tx\5.3.25\spring-tx-5.3.25.jar;D:\maven-repository\org\mybatis\spring\boot\mybatis-spring-boot-autoconfigure\2.2.2\mybatis-spring-boot-autoconfigure-2.2.2.jar;D:\maven-repository\org\mybatis\mybatis\3.5.9\mybatis-3.5.9.jar;D:\maven-repository\org\mybatis\mybatis-spring\2.0.7\mybatis-spring-2.0.7.jar;D:\maven-repository\com\mysql\mysql-connector-j\8.0.32\mysql-connector-j-8.0.32.jar;D:\maven-repository\org\projectlombok\lombok\1.18.24\lombok-1.18.24.jar;D:\maven-repository\org\springframework\boot\spring-boot-starter-test\2.7.8\spring-boot-starter-test-2.7.8.jar;D:\maven-repository\org\springframework\boot\spring-boot-test\2.7.8\spring-boot-test-2.7.8.jar;D:\maven-repository\org\springframework\boot\spring-boot-test-autoconfigure\2.7.8\spring-boot-test-autoconfigure-2.7.8.jar;D:\maven-repository\com\jayway\jsonpath\json-path\2.7.0\json-path-2.7.0.jar;D:\maven-repository\net\minidev\json-smart\2.4.8\json-smart-2.4.8.jar;D:\maven-repository\net\minidev\accessors-smart\2.4.8\accessors-smart-2.4.8.jar;D:\maven-repository\org\ow2\asm\asm\9.1\asm-9.1.jar;D:\maven-repository\org\slf4j\slf4j-api\1.7.36\slf4j-api-1.7.36.jar;D:\maven-repository\jakarta\xml\bind\jakarta.xml.bind-api\2.3.3\jakarta.xml.bind-api-2.3.3.jar;D:\maven-repository\jakarta\activation\jakarta.activation-api\1.2.2\jakarta.activation-api-1.2.2.jar;D:\maven-repository\org\assertj\assertj-core\3.22.0\assertj-core-3.22.0.jar;D:\maven-repository\org\hamcrest\hamcrest\2.2\hamcrest-2.2.jar;D:\maven-repository\org\junit\jupiter\junit-jupiter\5.8.2\junit-jupiter-5.8.2.jar;D:\maven-repository\org\junit\jupiter\junit-jupiter-api\5.8.2\junit-jupiter-api-5.8.2.jar;D:\maven-repository\org\opentest4j\opentest4j\1.2.0\opentest4j-1.2.0.jar;D:\maven-repository\org\junit\platform\junit-platform-commons\1.8.2\junit-platform-commons-1.8.2.jar;D:\maven-repository\org\apiguardian\apiguardian-api\1.1.2\apiguardian-api-1.1.2.jar;D:\maven-repository\org\junit\jupiter\junit-jupiter-params\5.8.2\junit-jupiter-params-5.8.2.jar;D:\maven-repository\org\junit\jupiter\junit-jupiter-engine\5.8.2\junit-jupiter-engine-5.8.2.jar;D:\maven-repository\org\junit\platform\junit-platform-engine\1.8.2\junit-platform-engine-1.8.2.jar;D:\maven-repository\org\mockito\mockito-core\4.5.1\mockito-core-4.5.1.jar;D:\maven-repository\net\bytebuddy\byte-buddy\1.12.22\byte-buddy-1.12.22.jar;D:\maven-repository\net\bytebuddy\byte-buddy-agent\1.12.22\byte-buddy-agent-1.12.22.jar;D:\maven-repository\org\objenesis\objenesis\3.2\objenesis-3.2.jar;D:\maven-repository\org\mockito\mockito-junit-jupiter\4.5.1\mockito-junit-jupiter-4.5.1.jar;D:\maven-repository\org\skyscreamer\jsonassert\1.5.1\jsonassert-1.5.1.jar;D:\maven-repository\com\vaadin\external\google\android-json\0.0.20131108.vaadin1\android-json-0.0.20131108.vaadin1.jar;D:\maven-repository\org\springframework\spring-core\5.3.25\spring-core-5.3.25.jar;D:\maven-repository\org\springframework\spring-jcl\5.3.25\spring-jcl-5.3.25.jar;D:\maven-repository\org\springframework\spring-test\5.3.25\spring-test-5.3.25.jar;D:\maven-repository\org\xmlunit\xmlunit-core\2.9.1\xmlunit-core-2.9.1.jar;"/>
    <property name="java.vm.vendor" value="Oracle Corporation"/>
    <property name="sun.arch.data.model" value="64"/>
    <property name="user.variant" value=""/>
    <property name="java.vendor.url" value="http://java.oracle.com/"/>
    <property name="user.timezone" value="Asia/Shanghai"/>
    <property name="java.vm.specification.version" value="1.8"/>
    <property name="os.name" value="Windows 10"/>
    <property name="user.country" value="CN"/>
    <property name="sun.java.launcher" value="SUN_STANDARD"/>
    <property name="sun.boot.library.path" value="C:\Program Files\Java\jdk1.8.0_301\jre\bin"/>
    <property name="sun.java.command" value="C:\Users\Lenovo\AppData\Local\Temp\surefire7758228017674029564\surefirebooter5317278606027412263.jar C:\Users\Lenovo\AppData\Local\Temp\surefire7758228017674029564 2025-01-21T15-29-57_142-jvmRun1 surefire4681383247927198645tmp surefire_0358513066680957196tmp"/>
    <property name="surefire.test.class.path" value="E:\Desktop\To Do List\target\test-classes;E:\Desktop\To Do List\target\classes;D:\maven-repository\org\springframework\boot\spring-boot-starter-web\2.7.8\spring-boot-starter-web-2.7.8.jar;D:\maven-repository\org\springframework\boot\spring-boot-starter\2.7.8\spring-boot-starter-2.7.8.jar;D:\maven-repository\org\springframework\boot\spring-boot\2.7.8\spring-boot-2.7.8.jar;D:\maven-repository\org\springframework\boot\spring-boot-autoconfigure\2.7.8\spring-boot-autoconfigure-2.7.8.jar;D:\maven-repository\org\springframework\boot\spring-boot-starter-logging\2.7.8\spring-boot-starter-logging-2.7.8.jar;D:\maven-repository\ch\qos\logback\logback-classic\1.2.11\logback-classic-1.2.11.jar;D:\maven-repository\ch\qos\logback\logback-core\1.2.11\logback-core-1.2.11.jar;D:\maven-repository\org\apache\logging\log4j\log4j-to-slf4j\2.17.2\log4j-to-slf4j-2.17.2.jar;D:\maven-repository\org\apache\logging\log4j\log4j-api\2.17.2\log4j-api-2.17.2.jar;D:\maven-repository\org\slf4j\jul-to-slf4j\1.7.36\jul-to-slf4j-1.7.36.jar;D:\maven-repository\jakarta\annotation\jakarta.annotation-api\1.3.5\jakarta.annotation-api-1.3.5.jar;D:\maven-repository\org\yaml\snakeyaml\1.30\snakeyaml-1.30.jar;D:\maven-repository\org\springframework\boot\spring-boot-starter-json\2.7.8\spring-boot-starter-json-2.7.8.jar;D:\maven-repository\com\fasterxml\jackson\core\jackson-databind\2.13.4.2\jackson-databind-2.13.4.2.jar;D:\maven-repository\com\fasterxml\jackson\core\jackson-annotations\2.13.4\jackson-annotations-2.13.4.jar;D:\maven-repository\com\fasterxml\jackson\core\jackson-core\2.13.4\jackson-core-2.13.4.jar;D:\maven-repository\com\fasterxml\jackson\datatype\jackson-datatype-jdk8\2.13.4\jackson-datatype-jdk8-2.13.4.jar;D:\maven-repository\com\fasterxml\jackson\datatype\jackson-datatype-jsr310\2.13.4\jackson-datatype-jsr310-2.13.4.jar;D:\maven-repository\com\fasterxml\jackson\module\jackson-module-parameter-names\2.13.4\jackson-module-parameter-names-2.13.4.jar;D:\maven-repository\org\springframework\boot\spring-boot-starter-tomcat\2.7.8\spring-boot-starter-tomcat-2.7.8.jar;D:\maven-repository\org\apache\tomcat\embed\tomcat-embed-core\9.0.71\tomcat-embed-core-9.0.71.jar;D:\maven-repository\org\apache\tomcat\embed\tomcat-embed-websocket\9.0.71\tomcat-embed-websocket-9.0.71.jar;D:\maven-repository\org\springframework\spring-web\5.3.25\spring-web-5.3.25.jar;D:\maven-repository\org\springframework\spring-beans\5.3.25\spring-beans-5.3.25.jar;D:\maven-repository\org\springframework\spring-webmvc\5.3.25\spring-webmvc-5.3.25.jar;D:\maven-repository\org\springframework\spring-aop\5.3.25\spring-aop-5.3.25.jar;D:\maven-repository\org\springframework\spring-context\5.3.25\spring-context-5.3.25.jar;D:\maven-repository\org\springframework\spring-expression\5.3.25\spring-expression-5.3.25.jar;D:\maven-repository\org\springframework\boot\spring-boot-starter-validation\2.7.8\spring-boot-starter-validation-2.7.8.jar;D:\maven-repository\org\apache\tomcat\embed\tomcat-embed-el\9.0.71\tomcat-embed-el-9.0.71.jar;D:\maven-repository\org\hibernate\validator\hibernate-validator\6.2.5.Final\hibernate-validator-6.2.5.Final.jar;D:\maven-repository\jakarta\validation\jakarta.validation-api\2.0.2\jakarta.validation-api-2.0.2.jar;D:\maven-repository\org\jboss\logging\jboss-logging\3.4.3.Final\jboss-logging-3.4.3.Final.jar;D:\maven-repository\com\fasterxml\classmate\1.5.1\classmate-1.5.1.jar;D:\maven-repository\org\mybatis\spring\boot\mybatis-spring-boot-starter\2.2.2\mybatis-spring-boot-starter-2.2.2.jar;D:\maven-repository\org\springframework\boot\spring-boot-starter-jdbc\2.7.8\spring-boot-starter-jdbc-2.7.8.jar;D:\maven-repository\com\zaxxer\HikariCP\4.0.3\HikariCP-4.0.3.jar;D:\maven-repository\org\springframework\spring-jdbc\5.3.25\spring-jdbc-5.3.25.jar;D:\maven-repository\org\springframework\spring-tx\5.3.25\spring-tx-5.3.25.jar;D:\maven-repository\org\mybatis\spring\boot\mybatis-spring-boot-autoconfigure\2.2.2\mybatis-spring-boot-autoconfigure-2.2.2.jar;D:\maven-repository\org\mybatis\mybatis\3.5.9\mybatis-3.5.9.jar;D:\maven-repository\org\mybatis\mybatis-spring\2.0.7\mybatis-spring-2.0.7.jar;D:\maven-repository\com\mysql\mysql-connector-j\8.0.32\mysql-connector-j-8.0.32.jar;D:\maven-repository\org\projectlombok\lombok\1.18.24\lombok-1.18.24.jar;D:\maven-repository\org\springframework\boot\spring-boot-starter-test\2.7.8\spring-boot-starter-test-2.7.8.jar;D:\maven-repository\org\springframework\boot\spring-boot-test\2.7.8\spring-boot-test-2.7.8.jar;D:\maven-repository\org\springframework\boot\spring-boot-test-autoconfigure\2.7.8\spring-boot-test-autoconfigure-2.7.8.jar;D:\maven-repository\com\jayway\jsonpath\json-path\2.7.0\json-path-2.7.0.jar;D:\maven-repository\net\minidev\json-smart\2.4.8\json-smart-2.4.8.jar;D:\maven-repository\net\minidev\accessors-smart\2.4.8\accessors-smart-2.4.8.jar;D:\maven-repository\org\ow2\asm\asm\9.1\asm-9.1.jar;D:\maven-repository\org\slf4j\slf4j-api\1.7.36\slf4j-api-1.7.36.jar;D:\maven-repository\jakarta\xml\bind\jakarta.xml.bind-api\2.3.3\jakarta.xml.bind-api-2.3.3.jar;D:\maven-repository\jakarta\activation\jakarta.activation-api\1.2.2\jakarta.activation-api-1.2.2.jar;D:\maven-repository\org\assertj\assertj-core\3.22.0\assertj-core-3.22.0.jar;D:\maven-repository\org\hamcrest\hamcrest\2.2\hamcrest-2.2.jar;D:\maven-repository\org\junit\jupiter\junit-jupiter\5.8.2\junit-jupiter-5.8.2.jar;D:\maven-repository\org\junit\jupiter\junit-jupiter-api\5.8.2\junit-jupiter-api-5.8.2.jar;D:\maven-repository\org\opentest4j\opentest4j\1.2.0\opentest4j-1.2.0.jar;D:\maven-repository\org\junit\platform\junit-platform-commons\1.8.2\junit-platform-commons-1.8.2.jar;D:\maven-repository\org\apiguardian\apiguardian-api\1.1.2\apiguardian-api-1.1.2.jar;D:\maven-repository\org\junit\jupiter\junit-jupiter-params\5.8.2\junit-jupiter-params-5.8.2.jar;D:\maven-repository\org\junit\jupiter\junit-jupiter-engine\5.8.2\junit-jupiter-engine-5.8.2.jar;D:\maven-repository\org\junit\platform\junit-platform-engine\1.8.2\junit-platform-engine-1.8.2.jar;D:\maven-repository\org\mockito\mockito-core\4.5.1\mockito-core-4.5.1.jar;D:\maven-repository\net\bytebuddy\byte-buddy\1.12.22\byte-buddy-1.12.22.jar;D:\maven-repository\net\bytebuddy\byte-buddy-agent\1.12.22\byte-buddy-agent-1.12.22.jar;D:\maven-repository\org\objenesis\objenesis\3.2\objenesis-3.2.jar;D:\maven-repository\org\mockito\mockito-junit-jupiter\4.5.1\mockito-junit-jupiter-4.5.1.jar;D:\maven-repository\org\skyscreamer\jsonassert\1.5.1\jsonassert-1.5.1.jar;D:\maven-repository\com\vaadin\external\google\android-json\0.0.20131108.vaadin1\android-json-0.0.20131108.vaadin1.jar;D:\maven-repository\org\springframework\spring-core\5.3.25\spring-core-5.3.25.jar;D:\maven-repository\org\springframework\spring-jcl\5.3.25\spring-jcl-5.3.25.jar;D:\maven-repository\org\springframework\spring-test\5.3.25\spring-test-5.3.25.jar;D:\maven-repository\org\xmlunit\xmlunit-core\2.9.1\xmlunit-core-2.9.1.jar;"/>
    <property name="sun.cpu.endian" value="little"/>
    <property name="user.home" value="C:\Users\Lenovo"/>
    <property name="user.language" value="zh"/>
    <property name="java.specification.vendor" value="Oracle Corporation"/>
    <property name="java.home" value="C:\Program Files\Java\jdk1.8.0_301\jre"/>
    <property name="basedir" value="E:\Desktop\To Do List"/>
    <property name="file.separator" value="\"/>
    <property name="line.separator" value="&#10;"/>
    <property name="java.vm.specification.vendor" value="Oracle Corporation"/>
    <property name="java.specification.name" value="Java Platform API Specification"/>
    <property name="java.awt.graphicsenv" value="sun.awt.Win32GraphicsEnvironment"/>
    <property name="surefire.real.class.path" value="C:\Users\Lenovo\AppData\Local\Temp\surefire7758228017674029564\surefirebooter5317278606027412263.jar"/>
    <property name="sun.boot.class.path" value="C:\Program Files\Java\jdk1.8.0_301\jre\lib\resources.jar;C:\Program Files\Java\jdk1.8.0_301\jre\lib\rt.jar;C:\Program Files\Java\jdk1.8.0_301\jre\lib\sunrsasign.jar;C:\Program Files\Java\jdk1.8.0_301\jre\lib\jsse.jar;C:\Program Files\Java\jdk1.8.0_301\jre\lib\jce.jar;C:\Program Files\Java\jdk1.8.0_301\jre\lib\charsets.jar;C:\Program Files\Java\jdk1.8.0_301\jre\lib\jfr.jar;C:\Program Files\Java\jdk1.8.0_301\jre\classes"/>
    <property name="user.script" value=""/>
    <property name="sun.management.compiler" value="HotSpot 64-Bit Tiered Compilers"/>
    <property name="java.runtime.version" value="1.8.0_301-b09"/>
    <property name="user.name" value="Lenovo"/>
    <property name="path.separator" value=";"/>
    <property name="os.version" value="10.0"/>
    <property name="java.endorsed.dirs" value="C:\Program Files\Java\jdk1.8.0_301\jre\lib\endorsed"/>
    <property name="java.runtime.name" value="Java(TM) SE Runtime Environment"/>
    <property name="file.encoding" value="GBK"/>
    <property name="java.vm.name" value="Java HotSpot(TM) 64-Bit Server VM"/>
    <property name="localRepository" value="D:\maven-repository"/>
    <property name="java.vendor.url.bug" value="http://bugreport.sun.com/bugreport/"/>
    <property name="java.io.tmpdir" value="C:\Users\Lenovo\AppData\Local\Temp\"/>
    <property name="java.version" value="1.8.0_301"/>
    <property name="user.dir" value="E:\Desktop\To Do List"/>
    <property name="os.arch" value="amd64"/>
    <property name="java.vm.specification.name" value="Java Virtual Machine Specification"/>
    <property name="java.awt.printerjob" value="sun.awt.windows.WPrinterJob"/>
    <property name="sun.os.patch.level" value=""/>
    <property name="java.library.path" value="C:\Program Files\Java\jdk1.8.0_301\jre\bin;C:\WINDOWS\Sun\Java\bin;C:\WINDOWS\system32;C:\WINDOWS;D:\wmware16.2.4\bin\;C:\Program Files (x86)\Common Files\Oracle\Java\javapath;C:\ProgramData\Oracle\Java\javapath;C:\Windows\system32;C:\Windows;C:\Windows\System32\Wbem;C:\Windows\System32\WindowsPowerShell\v1.0\;C:\Windows\System32\OpenSSH\;C:\WINDOWS\system32;C:\WINDOWS;C:\WINDOWS\System32\Wbem;C:\WINDOWS\System32\WindowsPowerShell\v1.0\;C:\WINDOWS\System32\OpenSSH\;A:\MinGW\bin\;C:\Program Files\MATLAB\R2018b\runtime\win64;C:\Program Files\MATLAB\R2018b\bin;C:\matlob2018b\matlab 2017 exe\runtime\win64;C:\matlob2018b\matlab 2017 exe\bin;D:\matlab 2019\runtime\win64;D:\matlab 2019\bin;D:\matlab 2019\polyspace\bin;C:\Program Files (x86)\Microsoft SQL Server\100\Tools\Binn\;C:\Program Files\Microsoft SQL Server\100\Tools\Binn\;C:\Program Files\Microsoft SQL Server\100\DTS\Binn\;C:\Users\Lenovo\AppData\Local\Programs\Microsoft VS Code\bin;C:\Users\Lenovo\AppData\Local\Programs\Microsoft VS Code\x86_64-8.1.0-release-posix-sjlj-rt_v6-rev0\mingw64\bin;C:\mingw64\bin;D:\Dev-Cpp\MinGW64\bin;D:\Program Files\apache-maven-3.6.1\bin;D:\Program Files\mysql-8.0.11\bin;D:\Program Files\Git\cmd;C:\Program Files\Java\jdk1.8.0_301\bin;C:\Program Files\Java\jdk1.8.0_301\jre\bin;D:\nvm;D:\nvm\nodejs;D:\OpenSSL-Win64\bin;D:\pcsuite\;C:\Users\Lenovo\AppData\Local\Programs\Python\Python38\Lib\site-packages\ffmpeg;C:\Users\Lenovo\AppData\Local\Programs\cursor;C:\Users\Lenovo\AppData\Local\Programs\Python\Python38\Scripts\;C:\Users\Lenovo\AppData\Local\Programs\Python\Python38\;C:\Users\Lenovo\AppData\Local\Microsoft\WindowsApps;C:\Program Files\JetBrains\PyCharm Community Edition 2019.3.3\bin;;E:\quartus13.1\modelsim_ase\win32aloem;E:\quartus13.1\modelsim_ae\win32aloem;C:\Users\Lenovo\AppData\Local\Programs\Microsoft VS Code\x86_64-8.1.0-release-posix-sjlj-rt_v6-rev0\mingw64\bin;C:\mingw64\bin;D:\Program Files\mysql-8.0.11\bin;C:\Program Files\Java\jdk1.8.0_301\bin;C:\Program Files\Java\jdk1.8.0_301\jre\bin;C:\Users\Lenovo\AppData\Roaming\npm;D:\nvm;D:\nvm\nodejs;D:\PyCharm 2020.1\bin;;D:\OpenSSL-Win64\bin;D:\phpstudy_pro\Extensions\MySQL5.7.26\bin;;D:\IntelliJ IDEA 2020.1\bin;;D:\Microsoft VS Code\bin;D:\Windsurf\bin;."/>
    <property name="java.vm.info" value="mixed mode"/>
    <property name="java.vendor" value="Oracle Corporation"/>
    <property name="java.vm.version" value="25.301-b09"/>
    <property name="java.ext.dirs" value="C:\Program Files\Java\jdk1.8.0_301\jre\lib\ext;C:\WINDOWS\Sun\Java\lib\ext"/>
    <property name="sun.io.unicode.encoding" value="UnicodeLittle"/>
    <property name="java.class.version" value="52.0"/>
  </properties>
  <testcase name="testUpdateTodoStatus" classname="com.example.todolist.controller.TodoControllerTest" time="0.216"/>
  <testcase name="testAddTodo" classname="com.example.todolist.controller.TodoControllerTest" time="0.106"/>
  <testcase name="testGetAllTodos" classname="com.example.todolist.controller.TodoControllerTest" time="0.01"/>
  <testcase name="testAddTodoValidation" classname="com.example.todolist.controller.TodoControllerTest" time="0.021"/>
  <testcase name="testDeleteTodo" classname="com.example.todolist.controller.TodoControllerTest" time="0.01"/>
</testsuite>